<?xml version="1.0" encoding="UTF-8"?>
<!-- Generated by org.testng.reporters.JUnitReportReporter -->
<testsuite skipped="0" hostname="Shashwat" name="googleTestCases.GoogleLinks" tests="1" failures="0" timestamp="28 Sep 2018 12:04:25 GMT" time="15.240" errors="0">
  <testcase name="googleLinksScenario" time="15.240" classname="googleTestCases.GoogleLinks"/>
</testsuite> <!-- googleTestCases.GoogleLinks -->
