<?xml version="1.0" encoding="UTF-8"?>
<!-- Generated by org.testng.reporters.JUnitReportReporter -->
<testsuite skipped="0" hostname="Shashwat" name="flipkartTestcases.HelpTOpics" tests="1" failures="0" timestamp="28 Sep 2018 12:11:50 GMT" time="95.769" errors="0">
  <testcase name="getHelpTopics" time="95.769" classname="flipkartTestcases.HelpTOpics"/>
</testsuite> <!-- flipkartTestcases.HelpTOpics -->
