<?xml version="1.0" encoding="UTF-8"?>
<!-- Generated by org.testng.reporters.JUnitReportReporter -->
<testsuite skipped="0" hostname="Shashwat" name="yahooTestCases.SignUpTestCases" tests="1" failures="0" timestamp="24 Sep 2018 12:28:40 GMT" time="13.525" errors="0">
  <testcase name="SignUpToYahoo" time="13.525" classname="yahooTestCases.SignUpTestCases"/>
</testsuite> <!-- yahooTestCases.SignUpTestCases -->
