<?xml version="1.0" encoding="UTF-8"?>
<!-- Generated by org.testng.reporters.JUnitReportReporter -->
<testsuite skipped="0" hostname="Shashwat" name="flipkartTestcases.ProductRatingTestCase" tests="2" failures="0" timestamp="04 Oct 2018 06:43:20 GMT" time="62.259" errors="0">
  <testcase name="getHighestRatedProduct" time="39.481" classname="flipkartTestcases.ProductRatingTestCase"/>
  <testcase name="highestNumberRating" time="22.778" classname="flipkartTestcases.ProductRatingTestCase"/>
</testsuite> <!-- flipkartTestcases.ProductRatingTestCase -->
