<?xml version="1.0" encoding="UTF-8"?>
<!-- Generated by org.testng.reporters.JUnitReportReporter -->
<testsuite hostname="Shashwat" failures="0" tests="1" name="yahooTestCases.SignUpTestCases" time="16.057" errors="0" timestamp="24 Sep 2018 07:54:54 GMT" skipped="0">
  <testcase classname="yahooTestCases.SignUpTestCases" name="SignUpToYahoo" time="16.057"/>
</testsuite> <!-- yahooTestCases.SignUpTestCases -->
