<?xml version="1.0" encoding="UTF-8"?>
<!-- Generated by org.testng.reporters.JUnitReportReporter -->
<testsuite skipped="0" hostname="Shashwat" name="amazonTestCases.AddItemToCart" tests="1" failures="0" timestamp="25 Sep 2018 09:54:51 GMT" time="22.483" errors="0">
  <testcase name="addItemToCartAndVerify" time="22.483" classname="amazonTestCases.AddItemToCart"/>
</testsuite> <!-- amazonTestCases.AddItemToCart -->
