<?xml version="1.0" encoding="UTF-8"?>
<!-- Generated by org.testng.reporters.JUnitReportReporter -->
<testsuite skipped="0" hostname="Shashwat" name="amazonTestCases.AddItemToCart" tests="1" failures="0" timestamp="24 Sep 2018 09:56:37 GMT" time="26.785" errors="0">
  <testcase name="addItemToCartAndVerify" time="26.785" classname="amazonTestCases.AddItemToCart"/>
</testsuite> <!-- amazonTestCases.AddItemToCart -->
