<?xml version="1.0" encoding="UTF-8"?>
<!-- Generated by org.testng.reporters.JUnitReportReporter -->
<testsuite hostname="Shashwat" failures="0" tests="4" name="yahooTestCases.RoughTestCase" time="20.203" errors="0" timestamp="21 Sep 2018 07:28:16 GMT" skipped="0">
  <testcase classname="yahooTestCases.RoughTestCase" name="test1" time="4.831"/>
  <testcase classname="yahooTestCases.RoughTestCase" name="test1" time="4.827"/>
  <testcase classname="yahooTestCases.RoughTestCase" name="test1" time="5.597"/>
  <testcase classname="yahooTestCases.RoughTestCase" name="test1" time="4.948"/>
</testsuite> <!-- yahooTestCases.RoughTestCase -->
