<?xml version="1.0" encoding="UTF-8"?>
<!-- Generated by org.testng.reporters.JUnitReportReporter -->
<testsuite skipped="0" hostname="Shashwat" name="amazonTestCases.AmazonProductRating" tests="1" failures="0" timestamp="28 Sep 2018 12:06:53 GMT" time="26.148" errors="0">
  <testcase name="getCustomerRating" time="26.148" classname="amazonTestCases.AmazonProductRating"/>
</testsuite> <!-- amazonTestCases.AmazonProductRating -->
