<?xml version="1.0" encoding="UTF-8"?>
<!-- Generated by org.testng.reporters.JUnitReportReporter -->
<testsuite skipped="0" hostname="Shashwat" name="gridTest.GridDetails" tests="1" failures="0" timestamp="28 Sep 2018 11:51:37 GMT" time="19.359" errors="0">
  <testcase name="getGridDetails" time="19.359" classname="gridTest.GridDetails"/>
</testsuite> <!-- gridTest.GridDetails -->
