<?xml version="1.0" encoding="UTF-8"?>
<!-- Generated by org.testng.reporters.JUnitReportReporter -->
<testsuite hostname="Shashwat" failures="0" tests="4" name="utilities.Utility" time="0.014" errors="0" timestamp="21 Sep 2018 06:19:25 GMT" skipped="0">
  <testcase classname="utilities.Utility" name="test1" time="0.002"/>
  <testcase classname="utilities.Utility" name="test1" time="0.002"/>
  <testcase classname="utilities.Utility" name="test1" time="0.001"/>
  <testcase classname="utilities.Utility" name="test1" time="0.009"/>
</testsuite> <!-- utilities.Utility -->
