<?xml version="1.0" encoding="UTF-8"?>
<!-- Generated by org.testng.reporters.JUnitReportReporter -->
<testsuite skipped="0" hostname="Shashwat" name="amazonTestCases.AddItemToCart" tests="1" failures="0" timestamp="27 Sep 2018 06:30:55 GMT" time="35.420" errors="0">
  <testcase name="addItemToCartAndVerify" time="35.420" classname="amazonTestCases.AddItemToCart"/>
</testsuite> <!-- amazonTestCases.AddItemToCart -->
