<?xml version="1.0" encoding="UTF-8"?>
<!-- Generated by org.testng.reporters.JUnitReportReporter -->
<testsuite skipped="0" hostname="Shashwat" name="flipkartTestcases.CompareCamera" tests="1" failures="0" timestamp="27 Sep 2018 10:31:27 GMT" time="61.052" errors="0">
  <testcase name="compareCameraTestCase" time="61.052" classname="flipkartTestcases.CompareCamera"/>
</testsuite> <!-- flipkartTestcases.CompareCamera -->
