<?xml version="1.0" encoding="UTF-8"?>
<!-- Generated by org.testng.reporters.JUnitReportReporter -->
<testsuite skipped="0" hostname="Shashwat" name="goalPlantestCases.GoalPlanDateFormatter" tests="1" failures="0" timestamp="01 Oct 2018 07:50:02 GMT" time="10.296" errors="0">
  <testcase name="dateFormat" time="10.296" classname="goalPlantestCases.GoalPlanDateFormatter"/>
</testsuite> <!-- goalPlantestCases.GoalPlanDateFormatter -->
