<?xml version="1.0" encoding="UTF-8"?>
<!-- Generated by org.testng.reporters.JUnitReportReporter -->
<testsuite skipped="0" hostname="Shashwat" name="yahooTestCases.SignUpTestCases" tests="1" failures="0" timestamp="25 Sep 2018 05:33:14 GMT" time="19.126" errors="0">
  <testcase name="SignUpToYahoo" time="19.126" classname="yahooTestCases.SignUpTestCases"/>
</testsuite> <!-- yahooTestCases.SignUpTestCases -->
