<?xml version="1.0" encoding="UTF-8"?>
<!-- Generated by org.testng.reporters.JUnitReportReporter -->
<testsuite skipped="1" hostname="Shashwat" name="goalPlantestCases.GoalPlanJdbc" tests="2" failures="0" timestamp="03 Oct 2018 12:19:29 GMT" time="11.727" errors="0">
  <testcase name="insertGoalDetailsinDB" time="11.727" classname="goalPlantestCases.GoalPlanJdbc"/>
  <testcase name="getGoalDetails" classname="goalPlantestCases.GoalPlanJdbc">
    <skipped/>
  </testcase> <!-- getGoalDetails -->
</testsuite> <!-- goalPlantestCases.GoalPlanJdbc -->
