<?xml version="1.0" encoding="UTF-8"?>
<!-- Generated by org.testng.reporters.JUnitReportReporter -->
<testsuite skipped="0" hostname="Shashwat" name="yahooTestCases.SignUpTestCases" tests="3" failures="0" timestamp="25 Sep 2018 12:35:01 GMT" time="54.323" errors="0">
  <testcase name="SignUpToYahoo" time="19.411" classname="yahooTestCases.SignUpTestCases"/>
  <testcase name="SignUpToYahoo" time="16.493" classname="yahooTestCases.SignUpTestCases"/>
  <testcase name="SignUpToYahoo" time="18.419" classname="yahooTestCases.SignUpTestCases"/>
</testsuite> <!-- yahooTestCases.SignUpTestCases -->
