<?xml version="1.0" encoding="UTF-8"?>
<!-- Generated by org.testng.reporters.JUnitReportReporter -->
<testsuite skipped="0" hostname="Shashwat" name="amazonTestCases.AddItemToCart" tests="1" failures="0" timestamp="24 Sep 2018 10:29:49 GMT" time="21.779" errors="0">
  <testcase name="addItemToCartAndVerify" time="21.779" classname="amazonTestCases.AddItemToCart"/>
</testsuite> <!-- amazonTestCases.AddItemToCart -->
